This is pdfTeX, Version 3.1415926-2.4-1.40.13 (TeX Live 2012) (format=pdflatex 2012.6.30)  22 JAN 2015 18:07
entering extended mode
 restricted \write18 enabled.
 file:line:error style messages enabled.
 %&-line parsing enabled.
**delay_limit_expl.tex
(./delay_limit_expl.tex
LaTeX2e <2011/06/27>
Babel <v3.8m> and hyphenation patterns for english, dumylang, nohyphenation, ge
rman-x-2012-05-30, ngerman-x-2012-05-30, afrikaans, ancientgreek, ibycus, arabi
c, armenian, basque, bulgarian, catalan, pinyin, coptic, croatian, czech, danis
h, dutch, ukenglish, usenglishmax, esperanto, estonian, ethiopic, farsi, finnis
h, french, friulan, galician, german, ngerman, swissgerman, monogreek, greek, h
ungarian, icelandic, assamese, bengali, gujarati, hindi, kannada, malayalam, ma
rathi, oriya, panjabi, tamil, telugu, indonesian, interlingua, irish, italian, 
kurmanji, latin, latvian, lithuanian, mongolian, mongolianlmc, bokmal, nynorsk,
 polish, portuguese, romanian, romansh, russian, sanskrit, serbian, serbianc, s
lovak, slovenian, spanish, swedish, turkish, turkmen, ukrainian, uppersorbian, 
welsh, loaded.
(/usr/local/texlive/2012/texmf-dist/tex/latex/IEEEtran/IEEEtran.cls
Document Class: IEEEtran 2007/03/05 V1.7a by Michael Shell
-- See the "IEEEtran_HOWTO" manual for usage information.
-- http://www.michaelshell.org/tex/ieeetran/
\@IEEEtrantmpdimenA=\dimen102
\@IEEEtrantmpdimenB=\dimen103
\@IEEEtrantmpcountA=\count79
\@IEEEtrantmpcountB=\count80
\@IEEEtrantmptoksA=\toks14
LaTeX Font Info:    Try loading font information for OT1+ptm on input line 366.

(/usr/local/texlive/2012/texmf-dist/tex/latex/psnfss/ot1ptm.fd
File: ot1ptm.fd 2001/06/04 font definitions for OT1/ptm.
)
-- Using 8.5in x 11in (letter) paper.
-- Using PDF output.
\@IEEEnormalsizeunitybaselineskip=\dimen104
-- This is a 10 point document.
\CLASSINFOnormalsizebaselineskip=\dimen105
\CLASSINFOnormalsizeunitybaselineskip=\dimen106
\IEEEnormaljot=\dimen107
LaTeX Font Info:    Font shape `OT1/ptm/bx/n' in size <5> not available
(Font)              Font shape `OT1/ptm/b/n' tried instead on input line 724.
LaTeX Font Info:    Font shape `OT1/ptm/bx/it' in size <5> not available
(Font)              Font shape `OT1/ptm/b/it' tried instead on input line 724.
LaTeX Font Info:    Font shape `OT1/ptm/bx/n' in size <7> not available
(Font)              Font shape `OT1/ptm/b/n' tried instead on input line 724.
LaTeX Font Info:    Font shape `OT1/ptm/bx/it' in size <7> not available
(Font)              Font shape `OT1/ptm/b/it' tried instead on input line 724.
LaTeX Font Info:    Font shape `OT1/ptm/bx/n' in size <8> not available
(Font)              Font shape `OT1/ptm/b/n' tried instead on input line 724.
LaTeX Font Info:    Font shape `OT1/ptm/bx/it' in size <8> not available
(Font)              Font shape `OT1/ptm/b/it' tried instead on input line 724.
LaTeX Font Info:    Font shape `OT1/ptm/bx/n' in size <9> not available
(Font)              Font shape `OT1/ptm/b/n' tried instead on input line 724.
LaTeX Font Info:    Font shape `OT1/ptm/bx/it' in size <9> not available
(Font)              Font shape `OT1/ptm/b/it' tried instead on input line 724.
LaTeX Font Info:    Font shape `OT1/ptm/bx/n' in size <10> not available
(Font)              Font shape `OT1/ptm/b/n' tried instead on input line 724.
LaTeX Font Info:    Font shape `OT1/ptm/bx/it' in size <10> not available
(Font)              Font shape `OT1/ptm/b/it' tried instead on input line 724.
LaTeX Font Info:    Font shape `OT1/ptm/bx/n' in size <11> not available
(Font)              Font shape `OT1/ptm/b/n' tried instead on input line 724.
LaTeX Font Info:    Font shape `OT1/ptm/bx/it' in size <11> not available
(Font)              Font shape `OT1/ptm/b/it' tried instead on input line 724.
LaTeX Font Info:    Font shape `OT1/ptm/bx/n' in size <12> not available
(Font)              Font shape `OT1/ptm/b/n' tried instead on input line 724.
LaTeX Font Info:    Font shape `OT1/ptm/bx/it' in size <12> not available
(Font)              Font shape `OT1/ptm/b/it' tried instead on input line 724.
LaTeX Font Info:    Font shape `OT1/ptm/bx/n' in size <17> not available
(Font)              Font shape `OT1/ptm/b/n' tried instead on input line 724.
LaTeX Font Info:    Font shape `OT1/ptm/bx/it' in size <17> not available
(Font)              Font shape `OT1/ptm/b/it' tried instead on input line 724.
LaTeX Font Info:    Font shape `OT1/ptm/bx/n' in size <20> not available
(Font)              Font shape `OT1/ptm/b/n' tried instead on input line 724.
LaTeX Font Info:    Font shape `OT1/ptm/bx/it' in size <20> not available
(Font)              Font shape `OT1/ptm/b/it' tried instead on input line 724.
LaTeX Font Info:    Font shape `OT1/ptm/bx/n' in size <24> not available
(Font)              Font shape `OT1/ptm/b/n' tried instead on input line 724.
LaTeX Font Info:    Font shape `OT1/ptm/bx/it' in size <24> not available
(Font)              Font shape `OT1/ptm/b/it' tried instead on input line 724.
\IEEEilabelindentA=\dimen108
\IEEEilabelindentB=\dimen109
\IEEEilabelindent=\dimen110
\IEEEelabelindent=\dimen111
\IEEEdlabelindent=\dimen112
\IEEElabelindent=\dimen113
\IEEEiednormlabelsep=\dimen114
\IEEEiedmathlabelsep=\dimen115
\IEEEiedtopsep=\skip41
\c@section=\count81
\c@subsection=\count82
\c@subsubsection=\count83
\c@paragraph=\count84
\c@IEEEsubequation=\count85
\abovecaptionskip=\skip42
\belowcaptionskip=\skip43
\c@figure=\count86
\c@table=\count87
\@IEEEeqnnumcols=\count88
\@IEEEeqncolcnt=\count89
\@IEEEtmpitemindent=\dimen116
\c@IEEEbiography=\count90
\@IEEEtranrubishbin=\box26
) (/usr/local/texlive/2012/texmf-dist/tex/latex/amsmath/amsmath.sty
Package: amsmath 2000/07/18 v2.13 AMS math features
\@mathmargin=\skip44

For additional information on amsmath, use the `?' option.
(/usr/local/texlive/2012/texmf-dist/tex/latex/amsmath/amstext.sty
Package: amstext 2000/06/29 v2.01

(/usr/local/texlive/2012/texmf-dist/tex/latex/amsmath/amsgen.sty
File: amsgen.sty 1999/11/30 v2.0
\@emptytoks=\toks15
\ex@=\dimen117
))
(/usr/local/texlive/2012/texmf-dist/tex/latex/amsmath/amsbsy.sty
Package: amsbsy 1999/11/29 v1.2d
\pmbraise@=\dimen118
)
(/usr/local/texlive/2012/texmf-dist/tex/latex/amsmath/amsopn.sty
Package: amsopn 1999/12/14 v2.01 operator names
)
\inf@bad=\count91
LaTeX Info: Redefining \frac on input line 211.
\uproot@=\count92
\leftroot@=\count93
LaTeX Info: Redefining \overline on input line 307.
\classnum@=\count94
\DOTSCASE@=\count95
LaTeX Info: Redefining \ldots on input line 379.
LaTeX Info: Redefining \dots on input line 382.
LaTeX Info: Redefining \cdots on input line 467.
\Mathstrutbox@=\box27
\strutbox@=\box28
\big@size=\dimen119
LaTeX Font Info:    Redeclaring font encoding OML on input line 567.
LaTeX Font Info:    Redeclaring font encoding OMS on input line 568.
\macc@depth=\count96
\c@MaxMatrixCols=\count97
\dotsspace@=\muskip10
\c@parentequation=\count98
\dspbrk@lvl=\count99
\tag@help=\toks16
\row@=\count100
\column@=\count101
\maxfields@=\count102
\andhelp@=\toks17
\eqnshift@=\dimen120
\alignsep@=\dimen121
\tagshift@=\dimen122
\tagwidth@=\dimen123
\totwidth@=\dimen124
\lineht@=\dimen125
\@envbody=\toks18
\multlinegap=\skip45
\multlinetaggap=\skip46
\mathdisplay@stack=\toks19
LaTeX Info: Redefining \[ on input line 2666.
LaTeX Info: Redefining \] on input line 2667.
)
(/usr/local/texlive/2012/texmf-dist/tex/latex/amsfonts/amsfonts.sty
Package: amsfonts 2009/06/22 v3.00 Basic AMSFonts support
\symAMSa=\mathgroup4
\symAMSb=\mathgroup5
LaTeX Font Info:    Overwriting math alphabet `\mathfrak' in version `bold'
(Font)                  U/euf/m/n --> U/euf/b/n on input line 96.
)
(/usr/local/texlive/2012/texmf-dist/tex/latex/graphics/graphicx.sty
Package: graphicx 1999/02/16 v1.0f Enhanced LaTeX Graphics (DPC,SPQR)

(/usr/local/texlive/2012/texmf-dist/tex/latex/graphics/keyval.sty
Package: keyval 1999/03/16 v1.13 key=value parser (DPC)
\KV@toks@=\toks20
)
(/usr/local/texlive/2012/texmf-dist/tex/latex/graphics/graphics.sty
Package: graphics 2009/02/05 v1.0o Standard LaTeX Graphics (DPC,SPQR)

(/usr/local/texlive/2012/texmf-dist/tex/latex/graphics/trig.sty
Package: trig 1999/03/16 v1.09 sin cos tan (DPC)
)
(/usr/local/texlive/2012/texmf-dist/tex/latex/latexconfig/graphics.cfg
File: graphics.cfg 2010/04/23 v1.9 graphics configuration of TeX Live
)
Package graphics Info: Driver file: pdftex.def on input line 91.

(/usr/local/texlive/2012/texmf-dist/tex/latex/pdftex-def/pdftex.def
File: pdftex.def 2011/05/27 v0.06d Graphics/color for pdfTeX

(/usr/local/texlive/2012/texmf-dist/tex/generic/oberdiek/infwarerr.sty
Package: infwarerr 2010/04/08 v1.3 Providing info/warning/error messages (HO)
)
(/usr/local/texlive/2012/texmf-dist/tex/generic/oberdiek/ltxcmds.sty
Package: ltxcmds 2011/11/09 v1.22 LaTeX kernel commands for general use (HO)
)
\Gread@gobject=\count103
))
\Gin@req@height=\dimen126
\Gin@req@width=\dimen127
)
(/usr/local/texlive/2012/texmf-dist/tex/latex/graphics/epsfig.sty
Package: epsfig 1999/02/16 v1.7a (e)psfig emulation (SPQR)
\epsfxsize=\dimen128
\epsfysize=\dimen129
)
(/usr/local/texlive/2012/texmf-dist/tex/latex/graphics/color.sty
Package: color 2005/11/14 v1.0j Standard LaTeX Color (DPC)

(/usr/local/texlive/2012/texmf-dist/tex/latex/latexconfig/color.cfg
File: color.cfg 2007/01/18 v1.5 color configuration of teTeX/TeXLive
)
Package color Info: Driver file: pdftex.def on input line 130.
)
(/usr/local/texlive/2012/texmf-dist/tex/latex/subfigure/subfigure.sty
Package: subfigure 2002/03/15 v2.1.5 subfigure package
\subfigtopskip=\skip47
\subfigcapskip=\skip48
\subfigcaptopadj=\dimen130
\subfigbottomskip=\skip49
\subfigcapmargin=\dimen131
\subfiglabelskip=\skip50
\c@subfigure=\count104
\c@lofdepth=\count105
\c@subtable=\count106
\c@lotdepth=\count107

****************************************
* Local config file subfigure.cfg used *
****************************************
(/usr/local/texlive/2012/texmf-dist/tex/latex/subfigure/subfigure.cfg)
\subfig@top=\skip51
\subfig@bottom=\skip52
)
(/usr/local/texlive/2012/texmf-dist/tex/latex/tools/xspace.sty
Package: xspace 2009/10/20 v1.13 Space after command names (DPC,MH)
)
(/usr/local/texlive/2012/texmf-dist/tex/latex/algorithms/algorithm.sty
Package: algorithm 2009/08/24 v0.1 Document Style `algorithm' - floating enviro
nment

(/usr/local/texlive/2012/texmf-dist/tex/latex/float/float.sty
Package: float 2001/11/08 v1.3d Float enhancements (AL)
\c@float@type=\count108
\float@exts=\toks21
\float@box=\box29
\@float@everytoks=\toks22
\@floatcapt=\box30
)
(/usr/local/texlive/2012/texmf-dist/tex/latex/base/ifthen.sty
Package: ifthen 2001/05/26 v1.1c Standard LaTeX ifthen package (DPC)
)
\@float@every@algorithm=\toks23
\c@algorithm=\count109
)
(/usr/local/texlive/2012/texmf-dist/tex/latex/algorithmicx/algpseudocode.sty
Package: algpseudocode 

(/usr/local/texlive/2012/texmf-dist/tex/latex/algorithmicx/algorithmicx.sty
Package: algorithmicx 2005/04/27 v1.2 Algorithmicx

Document Style algorithmicx 1.2 - a greatly improved `algorithmic' style
\c@ALG@line=\count110
\c@ALG@rem=\count111
\c@ALG@nested=\count112
\ALG@tlm=\skip53
\ALG@thistlm=\skip54
\c@ALG@Lnr=\count113
\c@ALG@blocknr=\count114
\c@ALG@storecount=\count115
\c@ALG@tmpcounter=\count116
\ALG@tmplength=\skip55
)
Document Style - pseudocode environments for use with the `algorithmicx' style
) (/usr/local/texlive/2012/texmf-dist/tex/latex/mh/breqn.sty
(/usr/local/texlive/2012/texmf-dist/tex/latex/l3kernel/expl3.sty
(/usr/local/texlive/2012/texmf-dist/tex/latex/l3kernel/l3names.sty
(/usr/local/texlive/2012/texmf-dist/tex/latex/l3kernel/l3bootstrap.sty
Package: l3bootstrap 2011/12/29 v3110 L3 Experimental bootstrap code
)
Package: l3names 2012/03/04 v3494 L3 Experimental namespace for primitives
)
(/usr/local/texlive/2012/texmf-dist/tex/latex/etex-pkg/etex.sty
Package: etex 1998/03/26 v2.0 eTeX basic definition package (PEB)
\et@xins=\count117
)
Package: expl3 2012/04/23 v3570 L3 Experimental code bundle wrapper

(/usr/local/texlive/2012/texmf-dist/tex/latex/l3kernel/l3basics.sty
Package: l3basics 2012/03/04 v3491 L3 Experimental basic definitions
)
(/usr/local/texlive/2012/texmf-dist/tex/latex/l3kernel/l3expan.sty
Package: l3expan 2012/02/26 v3460 L3 Experimental argument expansion
)
(/usr/local/texlive/2012/texmf-dist/tex/latex/l3kernel/l3tl.sty
Package: l3tl 2012/03/04 v3490 L3 Experimental token lists
)
(/usr/local/texlive/2012/texmf-dist/tex/latex/l3kernel/l3seq.sty
Package: l3seq 2012/03/04 v3490 L3 Experimental sequences and stacks
)
(/usr/local/texlive/2012/texmf-dist/tex/latex/l3kernel/l3int.sty
Package: l3int 2012/03/04 v3490 L3 Experimental integers
\c_max_int=\count118
\l_tmpa_int=\count119
\l_tmpb_int=\count120
\l_tmpc_int=\count121
\g_tmpa_int=\count122
\g_tmpb_int=\count123
)
(/usr/local/texlive/2012/texmf-dist/tex/latex/l3kernel/l3quark.sty
Package: l3quark 2012/02/12 v3384 L3 Experimental quarks
)
(/usr/local/texlive/2012/texmf-dist/tex/latex/l3kernel/l3prg.sty
Package: l3prg 2012/03/04 v3490 L3 Experimental control structures
\g_prg_map_int=\count124
)
(/usr/local/texlive/2012/texmf-dist/tex/latex/l3kernel/l3clist.sty
Package: l3clist 2012/03/04 v3490 L3 Experimental comma separated lists
)
(/usr/local/texlive/2012/texmf-dist/tex/latex/l3kernel/l3token.sty
Package: l3token 2012/03/04 v3491 L3 Experimental token manipulation
)
(/usr/local/texlive/2012/texmf-dist/tex/latex/l3kernel/l3prop.sty
Package: l3prop 2012/03/04 v3490 L3 Experimental property lists
)
(/usr/local/texlive/2012/texmf-dist/tex/latex/l3kernel/l3msg.sty
Package: l3msg 2012/04/23 v3568 L3 Experimental messages
)
(/usr/local/texlive/2012/texmf-dist/tex/latex/l3kernel/l3file.sty
Package: l3file 2012/03/09 v3520 L3 Experimental file and I/O operations
\l_iow_stream_int=\count125
\l_iow_line_length_int=\count126
\l_iow_target_length_int=\count127
\l_iow_current_line_int=\count128
\l_iow_current_word_int=\count129
\l_iow_current_indentation_int=\count130
)
(/usr/local/texlive/2012/texmf-dist/tex/latex/l3kernel/l3skip.sty
Package: l3skip 2012/03/05 v3499 L3 Experimental dimensions and skips
\l_tmpa_dim=\dimen132
\l_tmpb_dim=\dimen133
\l_tmpc_dim=\dimen134
\g_tmpa_dim=\dimen135
\g_tmpb_dim=\dimen136
\l_tmpa_skip=\skip56
\l_tmpb_skip=\skip57
\l_tmpc_skip=\skip58
\g_tmpa_skip=\skip59
\g_tmpb_skip=\skip60
)
(/usr/local/texlive/2012/texmf-dist/tex/latex/l3kernel/l3keys.sty
Package: l3keys 2012/03/03 v3487 L3 Experimental key-value interfaces
\g_keyval_level_int=\count131
\l_keys_choice_int=\count132
)
(/usr/local/texlive/2012/texmf-dist/tex/latex/l3kernel/l3fp.sty
Package: l3fp 2012/03/04 v3490 L3 Experimental floating-point operations
\c_one_million=\count133
\c_one_hundred_million=\count134
\c_five_hundred_million=\count135
\c_one_thousand_million=\count136
\c_fp_pi_by_four_decimal_int=\count137
\c_fp_pi_by_four_extended_int=\count138
\c_fp_pi_decimal_int=\count139
\c_fp_pi_extended_int=\count140
\c_fp_two_pi_decimal_int=\count141
\c_fp_two_pi_extended_int=\count142
\l_fp_count_int=\count143
\l_fp_div_offset_int=\count144
\l_fp_exp_integer_int=\count145
\l_fp_exp_decimal_int=\count146
\l_fp_exp_extended_int=\count147
\l_fp_exp_exponent_int=\count148
\l_fp_input_a_sign_int=\count149
\l_fp_input_a_integer_int=\count150
\l_fp_input_a_decimal_int=\count151
\l_fp_input_a_exponent_int=\count152
\l_fp_input_b_sign_int=\count153
\l_fp_input_b_integer_int=\count154
\l_fp_input_b_decimal_int=\count155
\l_fp_input_b_exponent_int=\count156
\l_fp_input_a_extended_int=\count157
\l_fp_input_b_extended_int=\count158
\l_fp_mul_a_i_int=\count159
\l_fp_mul_a_ii_int=\count160
\l_fp_mul_a_iii_int=\count161
\l_fp_mul_a_iv_int=\count162
\l_fp_mul_a_v_int=\count163
\l_fp_mul_a_vi_int=\count164
\l_fp_mul_b_i_int=\count165
\l_fp_mul_b_ii_int=\count166
\l_fp_mul_b_iii_int=\count167
\l_fp_mul_b_iv_int=\count168
\l_fp_mul_b_v_int=\count169
\l_fp_mul_b_vi_int=\count170
\l_fp_mul_output_int=\count171
\l_fp_output_sign_int=\count172
\l_fp_output_integer_int=\count173
\l_fp_output_decimal_int=\count174
\l_fp_output_exponent_int=\count175
\l_fp_output_extended_int=\count176
\l_fp_round_position_int=\count177
\l_fp_round_target_int=\count178
\l_fp_split_sign_int=\count179
\l_fp_internal_int=\count180
\l_fp_trig_octant_int=\count181
\l_fp_trig_sign_int=\count182
\l_fp_trig_decimal_int=\count183
\l_fp_trig_extended_int=\count184
\l_fp_internal_dim=\dimen137
\l_fp_internal_skip=\skip61
)
(/usr/local/texlive/2012/texmf-dist/tex/latex/l3kernel/l3box.sty
Package: l3box 2012/03/04 v3490 L3 Experimental boxes
\l_tmpb_box=\box31
\l_box_top_dim=\dimen138
\l_box_bottom_dim=\dimen139
\l_box_left_dim=\dimen140
\l_box_right_dim=\dimen141
\l_box_top_new_dim=\dimen142
\l_box_bottom_new_dim=\dimen143
\l_box_left_new_dim=\dimen144
\l_box_right_new_dim=\dimen145
\l_box_internal_box=\box32
)
(/usr/local/texlive/2012/texmf-dist/tex/latex/l3kernel/l3coffins.sty
Package: l3coffins 2012/03/03 v3482 L3 Experimental coffin code layer
\l_coffin_internal_box=\box33
\l_coffin_internal_dim=\dimen146
\l_coffin_offset_x_dim=\dimen147
\l_coffin_offset_y_dim=\dimen148
\l_coffin_x_dim=\dimen149
\l_coffin_y_dim=\dimen150
\l_coffin_x_prime_dim=\dimen151
\l_coffin_y_prime_dim=\dimen152
\l_coffin_Depth_dim=\dimen153
\l_coffin_Height_dim=\dimen154
\l_coffin_TotalHeight_dim=\dimen155
\l_coffin_Width_dim=\dimen156
\c_empty_coffin=\box34
\l_coffin_aligned_coffin=\box35
\l_coffin_aligned_internal_coffin=\box36
\l_coffin_bounding_shift_dim=\dimen157
\l_coffin_left_corner_dim=\dimen158
\l_coffin_right_corner_dim=\dimen159
\l_coffin_bottom_corner_dim=\dimen160
\l_coffin_top_corner_dim=\dimen161
\l_coffin_scaled_total_height_dim=\dimen162
\l_coffin_scaled_width_dim=\dimen163
\l_coffin_display_coffin=\box37
\l_coffin_display_coord_coffin=\box38
\l_coffin_display_pole_coffin=\box39
\l_coffin_display_offset_dim=\dimen164
\l_coffin_display_x_dim=\dimen165
\l_coffin_display_y_dim=\dimen166
)
(/usr/local/texlive/2012/texmf-dist/tex/latex/l3kernel/l3color.sty
Package: l3color 2011/09/07 v2776 L3 Experimental colour support
)
(/usr/local/texlive/2012/texmf-dist/tex/latex/l3kernel/l3luatex.sty
Package: l3luatex 2012/02/09 v3355 L3 Experimental LuaTeX-specific functions
\g_cctab_allocate_int=\count185
\g_cctab_stack_int=\count186
))
Package: breqn 2012/05/10 v0.98b Breaking equations

(/usr/local/texlive/2012/texmf-dist/tex/latex/mh/flexisym.sty
Package: flexisym 2010/09/17 v0.97b Make math characters macros
LaTeX Info: Redefining \textprime on input line 296.
LaTeX Info: Redefining \not on input line 354.

(/usr/local/texlive/2012/texmf-dist/tex/latex/mh/cmbase.sym
File: cmbase.sym 2007/12/19 v0.92
LaTeX Info: Redefining \hbar on input line 323.
LaTeX Info: Redefining \surd on input line 325.
LaTeX Info: Redefining \angle on input line 333.
LaTeX Info: Redefining \neq on input line 334.
LaTeX Info: Redefining \mapsto on input line 335.
LaTeX Info: Redefining \cong on input line 336.
LaTeX Info: Redefining \notin on input line 339.
LaTeX Info: Redefining \rightleftharpoons on input line 340.
LaTeX Info: Redefining \doteq on input line 341.
LaTeX Info: Redefining \hookrightarrow on input line 342.
LaTeX Info: Redefining \hookleftarrow on input line 343.
LaTeX Info: Redefining \bowtie on input line 344.
LaTeX Info: Redefining \models on input line 345.
LaTeX Info: Redefining \Longrightarrow on input line 346.
LaTeX Info: Redefining \longrightarrow on input line 347.
LaTeX Info: Redefining \Longleftarrow on input line 348.
LaTeX Info: Redefining \longleftarrow on input line 349.
LaTeX Info: Redefining \longmapsto on input line 350.
LaTeX Info: Redefining \longleftrightarrow on input line 351.
LaTeX Info: Redefining \Longleftrightarrow on input line 352.
LaTeX Info: Redefining \cdots on input line 356.
LaTeX Info: Redefining \vdots on input line 359.
LaTeX Info: Redefining \ddots on input line 364.
)
(/usr/local/texlive/2012/texmf-dist/tex/latex/mh/mathstyle.sty
Package: mathstyle 2011/08/03 v0.90 Tracking mathstyle implicitly
LaTeX Info: Redefining \displaystyle on input line 81.
LaTeX Info: Redefining \textstyle on input line 83.
LaTeX Info: Redefining \scriptstyle on input line 85.
LaTeX Info: Redefining \scriptscriptstyle on input line 87.
LaTeX Info: Redefining \genfrac on input line 121.
))
(/usr/local/texlive/2012/texmf-dist/tex/latex/tools/calc.sty
Package: calc 2007/08/22 v4.3 Infix arithmetic (KKT,FJ)
\calc@Acount=\count187
\calc@Bcount=\count188
\calc@Adimen=\dimen167
\calc@Bdimen=\dimen168
\calc@Askip=\skip62
\calc@Bskip=\skip63
LaTeX Info: Redefining \setlength on input line 76.
LaTeX Info: Redefining \addtolength on input line 77.
\calc@Ccount=\count189
\calc@Cskip=\skip64
)
\inf@bad=\count190
\maxint=\count191
\listwidth=\dimen169
\eqnumsep=\dimen170
\eqmargin=\dimen171
\eqlinespacing=\skip65
\eqlineskip=\skip66
\eqlineskiplimit=\dimen172
\eqbinoffset=\muskip11
\eqdelimoffset=\muskip12
\eqindentstep=\dimen173
\eqstyle=\toks24
\eqbreakdepth=\count192
\eqinterlinepenalty=\count193
\intereqpenalty=\count194
\intereqskip=\skip67
\prerelpenalty=\count195
\prebinoppenalty=\count196
\Dmedmuskip=\muskip13
\Dthickmuskip=\muskip14
\eqleftskip=\skip68
\eqrightskip=\skip69
\eq@vspan=\skip70
\eq@binoffset=\muskip15
\EQ@box=\box40
\EQ@copy=\box41
\EQ@numbox=\box42
\eq@wdNum=\dimen174
\GRP@numbox=\box43
\grp@wdNum=\dimen175
\eq@lines=\count197
\eq@curline=\count198
\eq@badness=\count199
\EQ@vims=\count200
\eq@dp=\dimen176
\eq@wdL=\dimen177
\eq@wdT=\dimen178
\eq@wdMin=\dimen179
\grp@wdL=\dimen180
\grp@wdR=\dimen181
\grp@wdT=\dimen182
\eq@wdRmax=\dimen183
\eq@firstht=\dimen184
\eq@wdCond=\dimen185
\eq@indentstep=\dimen186
\eq@linewidth=\dimen187
\grp@linewidth=\dimen188
\eq@hshift=\dimen189
\eq@given@sidespace=\dimen190
\mathindent=\dimen191
\eq@final@linecount=\count201
\eq@wdR=\dimen192
\EQ@continue=\toks25
Normal \count register pool exhausted, switching to extended pool.
\lr@level=\count277
\GRP@queue=\toks26
\GRP@box=\box44
\GRP@wholebox=\box45
\darraycolsep=\skip71
\cur@row=\count278
\cur@col=\count279
\conditionsep=\skip72
)
(/usr/local/texlive/2012/texmf-dist/tex/latex/cite/cite.sty
LaTeX Info: Redefining \cite on input line 302.
LaTeX Info: Redefining \nocite on input line 373.
Package: cite 2010/09/10  v 5.3
)
(./delay_limit_expl.aux)
\openout1 = `delay_limit_expl.aux'.

LaTeX Font Info:    Checking defaults for OML/cmm/m/it on input line 73.
LaTeX Font Info:    ... okay on input line 73.
LaTeX Font Info:    Checking defaults for T1/cmr/m/n on input line 73.
LaTeX Font Info:    ... okay on input line 73.
LaTeX Font Info:    Checking defaults for OT1/cmr/m/n on input line 73.
LaTeX Font Info:    ... okay on input line 73.
LaTeX Font Info:    Checking defaults for OMS/cmsy/m/n on input line 73.
LaTeX Font Info:    ... okay on input line 73.
LaTeX Font Info:    Checking defaults for OMX/cmex/m/n on input line 73.
LaTeX Font Info:    ... okay on input line 73.
LaTeX Font Info:    Checking defaults for U/cmr/m/n on input line 73.
LaTeX Font Info:    ... okay on input line 73.

(/usr/local/texlive/2012/texmf-dist/tex/context/base/supp-pdf.mkii
[Loading MPS to PDF converter (version 2006.09.02).]
\scratchcounter=\count280
\scratchdimen=\dimen193
\scratchbox=\box46
\nofMPsegments=\count281
\nofMParguments=\count282
\everyMPshowfont=\toks27
\MPscratchCnt=\count283
\MPscratchDim=\dimen194
\MPnumerator=\count284
\makeMPintoPDFobject=\count285
\everyMPtoPDFconversion=\toks28
) (/usr/local/texlive/2012/texmf-dist/tex/generic/oberdiek/pdftexcmds.sty
Package: pdftexcmds 2011/11/29 v0.20 Utility functions of pdfTeX for LuaTeX (HO
)

(/usr/local/texlive/2012/texmf-dist/tex/generic/oberdiek/ifluatex.sty
Package: ifluatex 2010/03/01 v1.3 Provides the ifluatex switch (HO)
Package ifluatex Info: LuaTeX not detected.
)
(/usr/local/texlive/2012/texmf-dist/tex/generic/oberdiek/ifpdf.sty
Package: ifpdf 2011/01/30 v2.3 Provides the ifpdf switch (HO)
Package ifpdf Info: pdfTeX in PDF mode is detected.
)
Package pdftexcmds Info: LuaTeX not detected.
Package pdftexcmds Info: \pdf@primitive is available.
Package pdftexcmds Info: \pdf@ifprimitive is available.
Package pdftexcmds Info: \pdfdraftmode found.
)
(/usr/local/texlive/2012/texmf-dist/tex/latex/oberdiek/epstopdf-base.sty
Package: epstopdf-base 2010/02/09 v2.5 Base part for package epstopdf

(/usr/local/texlive/2012/texmf-dist/tex/latex/oberdiek/grfext.sty
Package: grfext 2010/08/19 v1.1 Manage graphics extensions (HO)

(/usr/local/texlive/2012/texmf-dist/tex/generic/oberdiek/kvdefinekeys.sty
Package: kvdefinekeys 2011/04/07 v1.3 Define keys (HO)
))
(/usr/local/texlive/2012/texmf-dist/tex/latex/oberdiek/kvoptions.sty
Package: kvoptions 2011/06/30 v3.11 Key value format for package options (HO)

(/usr/local/texlive/2012/texmf-dist/tex/generic/oberdiek/kvsetkeys.sty
Package: kvsetkeys 2012/04/25 v1.16 Key value parser (HO)

(/usr/local/texlive/2012/texmf-dist/tex/generic/oberdiek/etexcmds.sty
Package: etexcmds 2011/02/16 v1.5 Avoid name clashes with e-TeX commands (HO)
Package etexcmds Info: Could not find \expanded.
(etexcmds)             That can mean that you are not using pdfTeX 1.50 or
(etexcmds)             that some package has redefined \expanded.
(etexcmds)             In the latter case, load this package earlier.
)))
Package grfext Info: Graphics extension search list:
(grfext)             [.png,.pdf,.jpg,.mps,.jpeg,.jbig2,.jb2,.PNG,.PDF,.JPG,.JPE
G,.JBIG2,.JB2,.eps]
(grfext)             \AppendGraphicsExtensions on input line 452.

(/usr/local/texlive/2012/texmf-dist/tex/latex/latexconfig/epstopdf-sys.cfg
File: epstopdf-sys.cfg 2010/07/13 v1.3 Configuration of (r)epstopdf for TeX Liv
e
))
** ATTENTION: Overriding command lockouts (line 79).

LaTeX Warning: No \author given.


LaTeX Warning: No \author given.

LaTeX Font Info:    Try loading font information for U+msa on input line 168.
(/usr/local/texlive/2012/texmf-dist/tex/latex/amsfonts/umsa.fd
File: umsa.fd 2009/06/22 v3.00 AMS symbols A
)
LaTeX Font Info:    Try loading font information for U+msb on input line 168.

(/usr/local/texlive/2012/texmf-dist/tex/latex/amsfonts/umsb.fd
File: umsb.fd 2009/06/22 v3.00 AMS symbols B
)
<figures/delay_limit_expl/delay_expl_fig_1.pdf, id=1, 794.97pt x 614.295pt>
File: figures/delay_limit_expl/delay_expl_fig_1.pdf Graphic file (type pdf)

<use figures/delay_limit_expl/delay_expl_fig_1.pdf>
Package pdftex.def Info: figures/delay_limit_expl/delay_expl_fig_1.pdf used on 
input line 245.
(pdftex.def)             Requested size: 278.24367pt x 215.00647pt.

Overfull \hbox (26.24367pt too wide) in paragraph at lines 245--246
[][] 
 []

<figures/delay_limit_expl/delay_expl_fig_2.pdf, id=2, 794.97pt x 614.295pt>
File: figures/delay_limit_expl/delay_expl_fig_2.pdf Graphic file (type pdf)

<use figures/delay_limit_expl/delay_expl_fig_2.pdf>
Package pdftex.def Info: figures/delay_limit_expl/delay_expl_fig_2.pdf used on 
input line 252.
(pdftex.def)             Requested size: 278.24367pt x 215.00647pt.

Overfull \hbox (26.24367pt too wide) in paragraph at lines 252--253
[][] 
 []

<figures/delay_limit_expl/delay_expl_fig_3.pdf, id=3, 794.97pt x 614.295pt>
File: figures/delay_limit_expl/delay_expl_fig_3.pdf Graphic file (type pdf)

<use figures/delay_limit_expl/delay_expl_fig_3.pdf>
Package pdftex.def Info: figures/delay_limit_expl/delay_expl_fig_3.pdf used on 
input line 258.
(pdftex.def)             Requested size: 278.24367pt x 215.00647pt.

Overfull \hbox (26.24367pt too wide) in paragraph at lines 258--259
[][] 
 []

<figures/delay_limit_expl/delay_expl_fig_4.pdf, id=4, 614.295pt x 794.97pt>
File: figures/delay_limit_expl/delay_expl_fig_4.pdf Graphic file (type pdf)

<use figures/delay_limit_expl/delay_expl_fig_4.pdf>
Package pdftex.def Info: figures/delay_limit_expl/delay_expl_fig_4.pdf used on 
input line 264.
(pdftex.def)             Requested size: 215.00647pt x 278.24367pt.

No file delay_limit_expl.bbl.

** Conference Paper **
Before submitting the final camera ready copy, remember to:

 1. Manually equalize the lengths of two columns on the last page
 of your paper;

 2. Ensure that any PostScript and/or PDF output post-processing
 uses only Type 1 fonts and that every step in the generation
 process uses the appropriate paper size.

[1{/usr/local/texlive/2012/texmf-var/fonts/map/pdftex/updmap/pdftex.map}


]
[2 <./figures/delay_limit_expl/delay_expl_fig_1.pdf> <./figures/delay_limit_exp
l/delay_expl_fig_2.pdf> <./figures/delay_limit_expl/delay_expl_fig_3.pdf> <./fi
gures/delay_limit_expl/delay_expl_fig_4.pdf>] (./delay_limit_expl.aux) ) 
Here is how much of TeX's memory you used:
 9080 strings out of 493488
 146987 string characters out of 3141326
 198800 words of memory out of 3000000
 12231 multiletter control sequences out of 15000+200000
 33570 words of font info for 69 fonts, out of 3000000 for 9000
 958 hyphenation exceptions out of 8191
 38i,9n,33p,1760b,307s stack positions out of 5000i,500n,10000p,200000b,50000s
{/usr/l
ocal/texlive/2012/texmf-dist/fonts/enc/dvips/base/8r.enc}</usr/local/texlive/20
12/texmf-dist/fonts/type1/public/amsfonts/cm/cmmi10.pfb></usr/local/texlive/201
2/texmf-dist/fonts/type1/public/amsfonts/cm/cmmi7.pfb></usr/local/texlive/2012/
texmf-dist/fonts/type1/public/amsfonts/cm/cmr10.pfb></usr/local/texlive/2012/te
xmf-dist/fonts/type1/public/amsfonts/cm/cmr7.pfb></usr/local/texlive/2012/texmf
-dist/fonts/type1/public/amsfonts/cm/cmsy10.pfb></usr/local/texlive/2012/texmf-
dist/fonts/type1/urw/times/utmb8a.pfb></usr/local/texlive/2012/texmf-dist/fonts
/type1/urw/times/utmbi8a.pfb></usr/local/texlive/2012/texmf-dist/fonts/type1/ur
w/times/utmr8a.pfb>
Output written on delay_limit_expl.pdf (2 pages, 330754 bytes).
PDF statistics:
 98 PDF objects out of 1000 (max. 8388607)
 69 compressed objects within 1 object stream
 0 named destinations out of 1000 (max. 500000)
 21 words of extra memory for PDF output out of 10000 (max. 10000000)

